[DEBUG][lcmgr][2015-11-16 10:35:37,021]thread start
[DEBUG][lcmgr][2015-11-16 10:35:42,619]copy symbol file /home/zhangpengfei/switch/tor/xorplus/output/ly2r/pica/bin/lcmgr/pica_lcmgr.debug to switch complete
[DEBUG][lcmgr][2015-11-16 10:35:44,316]copy src files to switch complete
[DEBUG][lcmgr][2015-11-16 10:35:44,769]load gdb config file success
[DEBUG][lcmgr][2015-11-16 10:35:47,111]copy /home/wangbin/project/switch_capture/scripts/lcmgr.gdb to swich complete
[INFO][lcmgr][2015-11-16 10:35:54,360]Breakpoint 2, tx-l2
0x4b368048:	0x01	0x00	0x5e	0x00	0x00	0x05	0x08	0x9e
0x4b368050:	0x01	0x88	0x51	0xb0	0x81	0x00	0x00	0x19
0x4b368058:	0x08	0x00	0x45	0xc0	0x00	0x44	0xbb	0xf9
0x4b368060:	0x00	0x00	0x01	0x59	0x10	0xa1	0x0b	0x01
0x4b368068:	0x01	0x01	0xe0	0x00	0x00	0x05	0x02	0x01
0x4b368070:	0x00	0x30	0x00	0x00	0x00	0x00	0x00	0x00
0x4b368078:	0x00	0x00	0x1f	0xc8	0x00	0x00	0x00	0x00
0x4b368080:	0x00	0x00	0x00	0x00	0x00	0x00	0xff	0xff
0x4b368088:	0xff	0x00	0x00	0x0a	0x02	0x80	0x00	0x00
0x4b368090:	0x00	0x28	0x0b	0x01	0x01	0x1f	0x0b	0x01
0x4b368098:	0x01	0x01	0x0a	0x53	0xb9	0xde	0x00	0x00
0x4b3680a0:	0x00	0x00
[INFO][lcmgr][2015-11-16 10:36:01,551]Breakpoint 1, rx-l2
0x4b37c588:	0x01	0x00	0x5e	0x00	0x00	0x05	0xf8	0x0f
0x4b37c590:	0x41	0x7e	0x39	0x7b	0x81	0x00	0x00	0x19
0x4b37c598:	0x08	0x00	0x45	0xc0	0x00	0x44	0x58	0xfd
0x4b37c5a0:	0x00	0x00	0x01	0x59	0x73	0x7f	0x0b	0x01
0x4b37c5a8:	0x01	0x1f	0xe0	0x00	0x00	0x05	0x02	0x01
0x4b37c5b0:	0x00	0x30	0x0a	0x53	0xb9	0xde	0x00	0x00
0x4b37c5b8:	0x00	0x00	0x1f	0xc8	0x00	0x00	0x00	0x00
0x4b37c5c0:	0x00	0x00	0x00	0x00	0x00	0x00	0xff	0xff
0x4b37c5c8:	0xff	0x00	0x00	0x0a	0x02	0x80	0x00	0x00
0x4b37c5d0:	0x00	0x28	0x0b	0x01	0x01	0x1f	0x0b	0x01
0x4b37c5d8:	0x01	0x01	0x00	0x00	0x00	0x00	0xf8	0x77
0x4b37c5e0:	0xfe	0x80
[INFO][lcmgr][2015-11-16 10:36:03,044]Breakpoint 2, tx-l2
0x4b368048:	0x01	0x00	0x5e	0x00	0x00	0x05	0x08	0x9e
0x4b368050:	0x01	0x88	0x51	0xb0	0x81	0x00	0x00	0x19
0x4b368058:	0x08	0x00	0x45	0xc0	0x00	0x44	0xbb	0xfa
0x4b368060:	0x00	0x00	0x01	0x59	0x10	0xa0	0x0b	0x01
0x4b368068:	0x01	0x01	0xe0	0x00	0x00	0x05	0x02	0x01
0x4b368070:	0x00	0x30	0x00	0x00	0x00	0x00	0x00	0x00
0x4b368078:	0x00	0x00	0x1f	0xc8	0x00	0x00	0x00	0x00
0x4b368080:	0x00	0x00	0x00	0x00	0x00	0x00	0xff	0xff
0x4b368088:	0xff	0x00	0x00	0x0a	0x02	0x80	0x00	0x00
0x4b368090:	0x00	0x28	0x0b	0x01	0x01	0x1f	0x0b	0x01
0x4b368098:	0x01	0x01	0x0a	0x53	0xb9	0xde	0x00	0x00
0x4b3680a0:	0x00	0x00
[INFO][lcmgr][2015-11-16 10:36:12,563]Breakpoint 1, rx-l2
0x4b365800:	0x01	0x00	0x5e	0x00	0x00	0x05	0xf8	0x0f
0x4b365808:	0x41	0x7e	0x39	0x7b	0x81	0x00	0x00	0x19
0x4b365810:	0x08	0x00	0x45	0xc0	0x00	0x44	0x59	0x04
0x4b365818:	0x00	0x00	0x01	0x59	0x73	0x78	0x0b	0x01
0x4b365820:	0x01	0x1f	0xe0	0x00	0x00	0x05	0x02	0x01
0x4b365828:	0x00	0x30	0x0a	0x53	0xb9	0xde	0x00	0x00
0x4b365830:	0x00	0x00	0x1f	0xc8	0x00	0x00	0x00	0x00
0x4b365838:	0x00	0x00	0x00	0x00	0x00	0x00	0xff	0xff
0x4b365840:	0xff	0x00	0x00	0x0a	0x02	0x80	0x00	0x00
0x4b365848:	0x00	0x28	0x0b	0x01	0x01	0x1f	0x0b	0x01
0x4b365850:	0x01	0x01	0x00	0x00	0x00	0x00	0x83	0x99
0x4b365858:	0x0d	0x97
[INFO][lcmgr][2015-11-16 10:36:14,040]Breakpoint 2, tx-l2
0x4b365800:	0x01	0x00	0x5e	0x00	0x00	0x05	0x08	0x9e
0x4b365808:	0x01	0x88	0x51	0xb0	0x81	0x00	0x00	0x19
0x4b365810:	0x08	0x00	0x45	0xc0	0x00	0x44	0xbb	0xfb
0x4b365818:	0x00	0x00	0x01	0x59	0x10	0x9f	0x0b	0x01
0x4b365820:	0x01	0x01	0xe0	0x00	0x00	0x05	0x02	0x01
0x4b365828:	0x00	0x30	0x00	0x00	0x00	0x00	0x00	0x00
0x4b365830:	0x00	0x00	0x1f	0xc8	0x00	0x00	0x00	0x00
0x4b365838:	0x00	0x00	0x00	0x00	0x00	0x00	0xff	0xff
0x4b365840:	0xff	0x00	0x00	0x0a	0x02	0x80	0x00	0x00
0x4b365848:	0x00	0x28	0x0b	0x01	0x01	0x1f	0x0b	0x01
0x4b365850:	0x01	0x01	0x0a	0x53	0xb9	0xde	0x00	0x00
0x4b365858:	0x00	0x00
[INFO][lcmgr][2015-11-16 10:36:21,551]Breakpoint 1, rx-l2
0x4b36be20:	0x01	0x00	0x5e	0x00	0x00	0x05	0xf8	0x0f
0x4b36be28:	0x41	0x7e	0x39	0x7b	0x81	0x00	0x00	0x19
0x4b36be30:	0x08	0x00	0x45	0xc0	0x00	0x44	0x59	0x0b
0x4b36be38:	0x00	0x00	0x01	0x59	0x73	0x71	0x0b	0x01
0x4b36be40:	0x01	0x1f	0xe0	0x00	0x00	0x05	0x02	0x01
0x4b36be48:	0x00	0x30	0x0a	0x53	0xb9	0xde	0x00	0x00
0x4b36be50:	0x00	0x00	0x1f	0xc8	0x00	0x00	0x00	0x00
0x4b36be58:	0x00	0x00	0x00	0x00	0x00	0x00	0xff	0xff
0x4b36be60:	0xff	0x00	0x00	0x0a	0x02	0x80	0x00	0x00
0x4b36be68:	0x00	0x28	0x0b	0x01	0x01	0x1f	0x0b	0x01
0x4b36be70:	0x01	0x01	0x00	0x00	0x00	0x00	0xb1	0x96
0x4b36be78:	0x90	0xca
[INFO][lcmgr][2015-11-16 10:36:23,044]Breakpoint 2, tx-l2
0x4b365800:	0x01	0x00	0x5e	0x00	0x00	0x05	0x08	0x9e
0x4b365808:	0x01	0x88	0x51	0xb0	0x81	0x00	0x00	0x19
0x4b365810:	0x08	0x00	0x45	0xc0	0x00	0x44	0xbb	0xfc
0x4b365818:	0x00	0x00	0x01	0x59	0x10	0x9e	0x0b	0x01
0x4b365820:	0x01	0x01	0xe0	0x00	0x00	0x05	0x02	0x01
0x4b365828:	0x00	0x30	0x00	0x00	0x00	0x00	0x00	0x00
0x4b365830:	0x00	0x00	0x1f	0xc8	0x00	0x00	0x00	0x00
0x4b365838:	0x00	0x00	0x00	0x00	0x00	0x00	0xff	0xff
0x4b365840:	0xff	0x00	0x00	0x0a	0x02	0x80	0x00	0x00
0x4b365848:	0x00	0x28	0x0b	0x01	0x01	0x1f	0x0b	0x01
0x4b365850:	0x01	0x01	0x0a	0x53	0xb9	0xde	0x00	0x00
0x4b365858:	0x00	0x00
[INFO][lcmgr][2015-11-16 10:36:31,551]Breakpoint 1, rx-l2
0x4b38b100:	0x01	0x00	0x5e	0x00	0x00	0x05	0xf8	0x0f
0x4b38b108:	0x41	0x7e	0x39	0x7b	0x81	0x00	0x00	0x19
0x4b38b110:	0x08	0x00	0x45	0xc0	0x00	0x44	0x59	0x12
0x4b38b118:	0x00	0x00	0x01	0x59	0x73	0x6a	0x0b	0x01
0x4b38b120:	0x01	0x1f	0xe0	0x00	0x00	0x05	0x02	0x01
0x4b38b128:	0x00	0x30	0x0a	0x53	0xb9	0xde	0x00	0x00
0x4b38b130:	0x00	0x00	0x1f	0xc8	0x00	0x00	0x00	0x00
0x4b38b138:	0x00	0x00	0x00	0x00	0x00	0x00	0xff	0xff
0x4b38b140:	0xff	0x00	0x00	0x0a	0x02	0x80	0x00	0x00
0x4b38b148:	0x00	0x28	0x0b	0x01	0x01	0x1f	0x0b	0x01
0x4b38b150:	0x01	0x01	0x00	0x00	0x00	0x00	0xc4	0xdb
0x4b38b158:	0x3f	0xc4
[INFO][lcmgr][2015-11-16 10:36:34,044]Breakpoint 2, tx-l2
0x122b65a8:	0x01	0x00	0x5e	0x00	0x00	0x05	0x08	0x9e
0x122b65b0:	0x01	0x88	0x51	0xb0	0x81	0x00	0x00	0x19
0x122b65b8:	0x08	0x00	0x45	0xc0	0x00	0x44	0xbb	0xfd
0x122b65c0:	0x00	0x00	0x01	0x59	0x10	0x9d	0x0b	0x01
0x122b65c8:	0x01	0x01	0xe0	0x00	0x00	0x05	0x02	0x01
0x122b65d0:	0x00	0x30	0x00	0x00	0x00	0x00	0x00	0x00
0x122b65d8:	0x00	0x00	0x1f	0xc8	0x00	0x00	0x00	0x00
0x122b65e0:	0x00	0x00	0x00	0x00	0x00	0x00	0xff	0xff
0x122b65e8:	0xff	0x00	0x00	0x0a	0x02	0x80	0x00	0x00
0x122b65f0:	0x00	0x28	0x0b	0x01	0x01	0x1f	0x0b	0x01
0x122b65f8:	0x01	0x01	0x0a	0x53	0xb9	0xde	0x00	0x00
0x122b6600:	0x00	0x00
[INFO][lcmgr][2015-11-16 10:36:41,552]Breakpoint 1, rx-l2
0x4b374078:	0x01	0x00	0x5e	0x00	0x00	0x05	0xf8	0x0f
0x4b374080:	0x41	0x7e	0x39	0x7b	0x81	0x00	0x00	0x19
0x4b374088:	0x08	0x00	0x45	0xc0	0x00	0x44	0x59	0x19
0x4b374090:	0x00	0x00	0x01	0x59	0x73	0x63	0x0b	0x01
0x4b374098:	0x01	0x1f	0xe0	0x00	0x00	0x05	0x02	0x01
0x4b3740a0:	0x00	0x30	0x0a	0x53	0xb9	0xde	0x00	0x00
0x4b3740a8:	0x00	0x00	0x1f	0xc8	0x00	0x00	0x00	0x00
0x4b3740b0:	0x00	0x00	0x00	0x00	0x00	0x00	0xff	0xff
0x4b3740b8:	0xff	0x00	0x00	0x0a	0x02	0x80	0x00	0x00
0x4b3740c0:	0x00	0x28	0x0b	0x01	0x01	0x1f	0x0b	0x01
0x4b3740c8:	0x01	0x01	0x00	0x00	0x00	0x00	0xc7	0x79
0x4b3740d0:	0x1e	0x00
[INFO][lcmgr][2015-11-16 10:36:43,044]Breakpoint 2, tx-l2
0x122b8650:	0x01	0x00	0x5e	0x00	0x00	0x05	0x08	0x9e
0x122b8658:	0x01	0x88	0x51	0xb0	0x81	0x00	0x00	0x19
0x122b8660:	0x08	0x00	0x45	0xc0	0x00	0x44	0xbb	0xfe
0x122b8668:	0x00	0x00	0x01	0x59	0x10	0x9c	0x0b	0x01
0x122b8670:	0x01	0x01	0xe0	0x00	0x00	0x05	0x02	0x01
0x122b8678:	0x00	0x30	0x00	0x00	0x00	0x00	0x00	0x00
0x122b8680:	0x00	0x00	0x1f	0xc8	0x00	0x00	0x00	0x00
0x122b8688:	0x00	0x00	0x00	0x00	0x00	0x00	0xff	0xff
0x122b8690:	0xff	0x00	0x00	0x0a	0x02	0x80	0x00	0x00
0x122b8698:	0x00	0x28	0x0b	0x01	0x01	0x1f	0x0b	0x01
0x122b86a0:	0x01	0x01	0x0a	0x53	0xb9	0xde	0x00	0x00
0x122b86a8:	0x00	0x00
[INFO][lcmgr][2015-11-16 10:36:51,552]Breakpoint 1, rx-l2
0x4b374078:	0x01	0x00	0x5e	0x00	0x00	0x05	0xf8	0x0f
0x4b374080:	0x41	0x7e	0x39	0x7b	0x81	0x00	0x00	0x19
0x4b374088:	0x08	0x00	0x45	0xc0	0x00	0x44	0x59	0x20
0x4b374090:	0x00	0x00	0x01	0x59	0x73	0x5c	0x0b	0x01
0x4b374098:	0x01	0x1f	0xe0	0x00	0x00	0x05	0x02	0x01
0x4b3740a0:	0x00	0x30	0x0a	0x53	0xb9	0xde	0x00	0x00
0x4b3740a8:	0x00	0x00	0x1f	0xc8	0x00	0x00	0x00	0x00
0x4b3740b0:	0x00	0x00	0x00	0x00	0x00	0x00	0xff	0xff
0x4b3740b8:	0xff	0x00	0x00	0x0a	0x02	0x80	0x00	0x00
0x4b3740c0:	0x00	0x28	0x0b	0x01	0x01	0x1f	0x0b	0x01
0x4b3740c8:	0x01	0x01	0x00	0x00	0x00	0x00	0x2e	0x41
0x4b3740d0:	0x61	0xd9
[INFO][lcmgr][2015-11-16 10:36:53,044]Breakpoint 2, tx-l2
0x122b65a8:	0x01	0x00	0x5e	0x00	0x00	0x05	0x08	0x9e
0x122b65b0:	0x01	0x88	0x51	0xb0	0x81	0x00	0x00	0x19
0x122b65b8:	0x08	0x00	0x45	0xc0	0x00	0x44	0xbb	0xff
0x122b65c0:	0x00	0x00	0x01	0x59	0x10	0x9b	0x0b	0x01
0x122b65c8:	0x01	0x01	0xe0	0x00	0x00	0x05	0x02	0x01
0x122b65d0:	0x00	0x30	0x00	0x00	0x00	0x00	0x00	0x00
0x122b65d8:	0x00	0x00	0x1f	0xc8	0x00	0x00	0x00	0x00
0x122b65e0:	0x00	0x00	0x00	0x00	0x00	0x00	0xff	0xff
0x122b65e8:	0xff	0x00	0x00	0x0a	0x02	0x80	0x00	0x00
0x122b65f0:	0x00	0x28	0x0b	0x01	0x01	0x1f	0x0b	0x01
0x122b65f8:	0x01	0x01	0x0a	0x53	0xb9	0xde	0x00	0x00
0x122b6600:	0x00	0x00
[INFO][lcmgr][2015-11-16 10:37:01,552]Breakpoint 1, rx-l2
0x4b38aba0:	0x01	0x00	0x5e	0x00	0x00	0x05	0xf8	0x0f
0x4b38aba8:	0x41	0x7e	0x39	0x7b	0x81	0x00	0x00	0x19
0x4b38abb0:	0x08	0x00	0x45	0xc0	0x00	0x44	0x59	0x27
0x4b38abb8:	0x00	0x00	0x01	0x59	0x73	0x55	0x0b	0x01
0x4b38abc0:	0x01	0x1f	0xe0	0x00	0x00	0x05	0x02	0x01
0x4b38abc8:	0x00	0x30	0x0a	0x53	0xb9	0xde	0x00	0x00
0x4b38abd0:	0x00	0x00	0x1f	0xc8	0x00	0x00	0x00	0x00
0x4b38abd8:	0x00	0x00	0x00	0x00	0x00	0x00	0xff	0xff
0x4b38abe0:	0xff	0x00	0x00	0x0a	0x02	0x80	0x00	0x00
0x4b38abe8:	0x00	0x28	0x0b	0x01	0x01	0x1f	0x0b	0x01
0x4b38abf0:	0x01	0x01	0x00	0x00	0x00	0x00	0x3f	0x12
0x4b38abf8:	0xf4	0x6c
[INFO][lcmgr][2015-11-16 10:37:04,040]Breakpoint 2, tx-l2
0x4b368048:	0x01	0x00	0x5e	0x00	0x00	0x05	0x08	0x9e
0x4b368050:	0x01	0x88	0x51	0xb0	0x81	0x00	0x00	0x19
0x4b368058:	0x08	0x00	0x45	0xc0	0x00	0x44	0xbc	0x00
0x4b368060:	0x00	0x00	0x01	0x59	0x10	0x9a	0x0b	0x01
0x4b368068:	0x01	0x01	0xe0	0x00	0x00	0x05	0x02	0x01
0x4b368070:	0x00	0x30	0x00	0x00	0x00	0x00	0x00	0x00
0x4b368078:	0x00	0x00	0x1f	0xc8	0x00	0x00	0x00	0x00
0x4b368080:	0x00	0x00	0x00	0x00	0x00	0x00	0xff	0xff
0x4b368088:	0xff	0x00	0x00	0x0a	0x02	0x80	0x00	0x00
0x4b368090:	0x00	0x28	0x0b	0x01	0x01	0x1f	0x0b	0x01
0x4b368098:	0x01	0x01	0x0a	0x53	0xb9	0xde	0x00	0x00
0x4b3680a0:	0x00	0x00
[INFO][lcmgr][2015-11-16 10:37:11,552]Breakpoint 1, rx-l2
0x4b37e6e8:	0x01	0x00	0x5e	0x00	0x00	0x05	0xf8	0x0f
0x4b37e6f0:	0x41	0x7e	0x39	0x7b	0x81	0x00	0x00	0x19
0x4b37e6f8:	0x08	0x00	0x45	0xc0	0x00	0x44	0x59	0x2e
0x4b37e700:	0x00	0x00	0x01	0x59	0x73	0x4e	0x0b	0x01
0x4b37e708:	0x01	0x1f	0xe0	0x00	0x00	0x05	0x02	0x01
0x4b37e710:	0x00	0x30	0x0a	0x53	0xb9	0xde	0x00	0x00
0x4b37e718:	0x00	0x00	0x1f	0xc8	0x00	0x00	0x00	0x00
0x4b37e720:	0x00	0x00	0x00	0x00	0x00	0x00	0xff	0xff
0x4b37e728:	0xff	0x00	0x00	0x0a	0x02	0x80	0x00	0x00
0x4b37e730:	0x00	0x28	0x0b	0x01	0x01	0x1f	0x0b	0x01
0x4b37e738:	0x01	0x01	0x00	0x00	0x00	0x00	0x4d	0xe1
0x4b37e740:	0x3a	0x69
[DEBUG][lcmgr][2015-11-16 10:37:11,776]exit gdb
[DEBUG][lcmgr][2015-11-16 10:37:17,123]recover files complete
[DEBUG][lcmgr][2015-11-16 10:37:17,664]thread end
